<?xml version="1.0" encoding="UTF-8"?>
<!-- Generated by org.testng.reporters.JUnitReportReporter -->
<testsuite hostname="Raghu" failures="0" tests="1" name="practise.CrossBrowserTestNG" time="8.004" errors="0" timestamp="2024-06-19T17:33:00 CDT" skipped="0">
  <testcase classname="practise.CrossBrowserTestNG" name="testTitle" time="8.004"/>
  <system-out/>
</testsuite> <!-- practise.CrossBrowserTestNG -->
